<?xml version="1.0" encoding="UTF-8"?>
<coverage generated="1645434449472" clover="3.2.0">
  <project timestamp="1645434449472" name="All files">
    <metrics statements="146" coveredstatements="122" conditionals="58" coveredconditionals="46" methods="32" coveredmethods="29" elements="236" coveredelements="197" complexity="0" loc="146" ncloc="146" packages="4" files="6" classes="6"/>
    <package name="src">
      <metrics statements="30" coveredstatements="28" conditionals="8" coveredconditionals="6" methods="6" coveredmethods="6"/>
      <file name="LocalTango.ts" path="E:\个人插件\local-tango\src\LocalTango.ts">
        <metrics statements="26" coveredstatements="24" conditionals="8" coveredconditionals="6" methods="6" coveredmethods="6"/>
        <line num="13" count="4" type="stmt"/>
        <line num="14" count="4" type="stmt"/>
        <line num="18" count="4" type="stmt"/>
        <line num="23" count="26" type="stmt"/>
        <line num="24" count="26" type="stmt"/>
        <line num="29" count="18" type="stmt"/>
        <line num="30" count="18" type="stmt"/>
        <line num="35" count="45" type="stmt"/>
        <line num="36" count="45" type="stmt"/>
        <line num="41" count="22" type="stmt"/>
        <line num="42" count="58" type="cond" truecount="0" falsecount="1"/>
        <line num="43" count="0" type="stmt"/>
        <line num="46" count="58" type="cond" truecount="2" falsecount="1"/>
        <line num="47" count="0" type="stmt"/>
        <line num="50" count="58" type="stmt"/>
        <line num="53" count="22" type="stmt"/>
        <line num="57" count="4" type="stmt"/>
        <line num="58" count="4" type="stmt"/>
        <line num="60" count="1991" type="cond" truecount="3" falsecount="0"/>
        <line num="61" count="44" type="stmt"/>
        <line num="62" count="44" type="stmt"/>
        <line num="65" count="1947" type="cond" truecount="1" falsecount="0"/>
        <line num="66" count="45" type="stmt"/>
        <line num="67" count="45" type="stmt"/>
        <line num="70" count="1902" type="stmt"/>
        <line num="74" count="4" type="stmt"/>
      </file>
      <file name="config.ts" path="E:\个人插件\local-tango\src\config.ts">
        <metrics statements="1" coveredstatements="1" conditionals="0" coveredconditionals="0" methods="0" coveredmethods="0"/>
        <line num="2" count="4" type="stmt"/>
      </file>
      <file name="index.ts" path="E:\个人插件\local-tango\src\index.ts">
        <metrics statements="3" coveredstatements="3" conditionals="0" coveredconditionals="0" methods="0" coveredmethods="0"/>
        <line num="2" count="4" type="stmt"/>
        <line num="5" count="4" type="stmt"/>
        <line num="8" count="4" type="stmt"/>
      </file>
    </package>
    <package name="src.modules">
      <metrics statements="106" coveredstatements="87" conditionals="50" coveredconditionals="40" methods="18" coveredmethods="18"/>
      <file name="StorageDriver.ts" path="E:\个人插件\local-tango\src\modules\StorageDriver.ts">
        <metrics statements="106" coveredstatements="87" conditionals="50" coveredconditionals="40" methods="18" coveredmethods="18"/>
        <line num="2" count="4" type="stmt"/>
        <line num="3" count="4" type="stmt"/>
        <line num="4" count="4" type="stmt"/>
        <line num="5" count="4" type="stmt"/>
        <line num="9" count="4" type="stmt"/>
        <line num="19" count="4" type="stmt"/>
        <line num="27" count="4" type="stmt"/>
        <line num="28" count="4" type="stmt"/>
        <line num="29" count="4" type="stmt"/>
        <line num="30" count="4" type="stmt"/>
        <line num="35" count="221" type="cond" truecount="2" falsecount="0"/>
        <line num="42" count="118" type="stmt"/>
        <line num="48" count="118" type="stmt"/>
        <line num="53" count="51" type="stmt"/>
        <line num="54" count="51" type="cond" truecount="2" falsecount="0"/>
        <line num="61" count="52" type="stmt"/>
        <line num="63" count="52" type="stmt"/>
        <line num="64" count="52" type="cond" truecount="2" falsecount="0"/>
        <line num="69" count="0" type="stmt"/>
        <line num="70" count="0" type="stmt"/>
        <line num="76" count="115" type="stmt"/>
        <line num="81" count="18" type="stmt"/>
        <line num="82" count="18" type="cond" truecount="1" falsecount="0"/>
        <line num="83" count="2" type="stmt"/>
        <line num="84" count="2" type="cond" truecount="2" falsecount="0"/>
        <line num="87" count="16" type="stmt"/>
        <line num="88" count="16" type="stmt"/>
        <line num="89" count="16" type="stmt"/>
        <line num="94" count="8" type="stmt"/>
        <line num="95" count="8" type="cond" truecount="1" falsecount="0"/>
        <line num="96" count="2" type="stmt"/>
        <line num="97" count="2" type="cond" truecount="1" falsecount="1"/>
        <line num="100" count="6" type="stmt"/>
        <line num="101" count="6" type="stmt"/>
        <line num="102" count="6" type="stmt"/>
        <line num="107" count="8" type="stmt"/>
        <line num="108" count="8" type="cond" truecount="1" falsecount="0"/>
        <line num="109" count="2" type="stmt"/>
        <line num="110" count="2" type="cond" truecount="1" falsecount="1"/>
        <line num="113" count="6" type="stmt"/>
        <line num="114" count="6" type="cond" truecount="0" falsecount="1"/>
        <line num="115" count="0" type="stmt"/>
        <line num="116" count="0" type="stmt"/>
        <line num="119" count="6" type="stmt"/>
        <line num="120" count="6" type="stmt"/>
        <line num="125" count="8" type="stmt"/>
        <line num="126" count="8" type="cond" truecount="1" falsecount="0"/>
        <line num="127" count="2" type="stmt"/>
        <line num="128" count="2" type="cond" truecount="2" falsecount="0"/>
        <line num="131" count="6" type="stmt"/>
        <line num="132" count="6" type="cond" truecount="4" falsecount="1"/>
        <line num="133" count="0" type="stmt"/>
        <line num="134" count="0" type="stmt"/>
        <line num="138" count="6" type="cond" truecount="3" falsecount="0"/>
        <line num="139" count="2" type="stmt"/>
        <line num="142" count="6" type="stmt"/>
        <line num="143" count="6" type="stmt"/>
        <line num="148" count="22" type="stmt"/>
        <line num="149" count="22" type="cond" truecount="1" falsecount="0"/>
        <line num="150" count="4" type="stmt"/>
        <line num="151" count="4" type="cond" truecount="2" falsecount="0"/>
        <line num="154" count="18" type="stmt"/>
        <line num="155" count="18" type="stmt"/>
        <line num="156" count="18" type="stmt"/>
        <line num="157" count="18" type="stmt"/>
        <line num="159" count="0" type="stmt"/>
        <line num="160" count="0" type="stmt"/>
        <line num="166" count="13" type="stmt"/>
        <line num="167" count="13" type="cond" truecount="1" falsecount="0"/>
        <line num="168" count="2" type="cond" truecount="2" falsecount="0"/>
        <line num="171" count="11" type="cond" truecount="2" falsecount="1"/>
        <line num="172" count="0" type="stmt"/>
        <line num="175" count="11" type="cond" truecount="1" falsecount="0"/>
        <line num="176" count="3" type="stmt"/>
        <line num="179" count="8" type="stmt"/>
        <line num="180" count="8" type="cond" truecount="1" falsecount="0"/>
        <line num="181" count="3" type="stmt"/>
        <line num="182" count="3" type="cond" truecount="2" falsecount="0"/>
        <line num="185" count="5" type="stmt"/>
        <line num="190" count="15" type="stmt"/>
        <line num="191" count="15" type="stmt"/>
        <line num="196" count="6" type="cond" truecount="0" falsecount="1"/>
        <line num="197" count="0" type="stmt"/>
        <line num="198" count="0" type="stmt"/>
        <line num="201" count="6" type="stmt"/>
        <line num="202" count="6" type="stmt"/>
        <line num="207" count="6" type="cond" truecount="0" falsecount="1"/>
        <line num="208" count="0" type="stmt"/>
        <line num="209" count="0" type="stmt"/>
        <line num="212" count="6" type="stmt"/>
        <line num="213" count="6" type="stmt"/>
        <line num="218" count="6" type="cond" truecount="0" falsecount="1"/>
        <line num="219" count="0" type="stmt"/>
        <line num="220" count="0" type="stmt"/>
        <line num="223" count="6" type="stmt"/>
        <line num="224" count="6" type="stmt"/>
        <line num="229" count="18" type="cond" truecount="2" falsecount="1"/>
        <line num="230" count="0" type="stmt"/>
        <line num="231" count="0" type="stmt"/>
        <line num="234" count="18" type="stmt"/>
        <line num="235" count="18" type="stmt"/>
        <line num="240" count="11" type="cond" truecount="0" falsecount="1"/>
        <line num="241" count="0" type="stmt"/>
        <line num="242" count="0" type="stmt"/>
        <line num="245" count="11" type="stmt"/>
        <line num="250" count="11" type="stmt"/>
      </file>
    </package>
    <package name="src.modules.localStorage">
      <metrics statements="5" coveredstatements="4" conditionals="0" coveredconditionals="0" methods="4" coveredmethods="3"/>
      <file name="index.ts" path="E:\个人插件\local-tango\src\modules\localStorage\index.ts">
        <metrics statements="5" coveredstatements="4" conditionals="0" coveredconditionals="0" methods="4" coveredmethods="3"/>
        <line num="4" count="4" type="stmt"/>
        <line num="7" count="51" type="stmt"/>
        <line num="12" count="39" type="stmt"/>
        <line num="17" count="3" type="stmt"/>
        <line num="22" count="0" type="stmt"/>
      </file>
    </package>
    <package name="src.modules.sessionStorage">
      <metrics statements="5" coveredstatements="3" conditionals="0" coveredconditionals="0" methods="4" coveredmethods="2"/>
      <file name="index.ts" path="E:\个人插件\local-tango\src\modules\sessionStorage\index.ts">
        <metrics statements="5" coveredstatements="3" conditionals="0" coveredconditionals="0" methods="4" coveredmethods="2"/>
        <line num="4" count="4" type="stmt"/>
        <line num="7" count="13" type="stmt"/>
        <line num="12" count="12" type="stmt"/>
        <line num="17" count="0" type="stmt"/>
        <line num="22" count="0" type="stmt"/>
      </file>
    </package>
  </project>
</coverage>
