{"E:\\个人插件\\local-tango\\src\\config.ts": {"path":"E:\\个人插件\\local-tango\\src\\config.ts","statementMap":{"0":{"start":{"line":2,"column":13},"end":{"line":9,"column":null}}},"fnMap":{},"branchMap":{},"s":{"0":4},"f":{},"b":{}}
,"E:\\个人插件\\local-tango\\src\\index.ts": {"path":"E:\\个人插件\\local-tango\\src\\index.ts","statementMap":{"0":{"start":{"line":14,"column":0},"end":{"line":14,"column":47}},"1":{"start":{"line":15,"column":0},"end":{"line":15,"column":51}},"2":{"start":{"line":19,"column":4},"end":{"line":19,"column":null}},"3":{"start":{"line":24,"column":4},"end":{"line":24,"column":null}},"4":{"start":{"line":25,"column":4},"end":{"line":25,"column":null}},"5":{"start":{"line":30,"column":4},"end":{"line":30,"column":null}},"6":{"start":{"line":31,"column":4},"end":{"line":31,"column":null}},"7":{"start":{"line":36,"column":4},"end":{"line":36,"column":null}},"8":{"start":{"line":37,"column":4},"end":{"line":37,"column":null}},"9":{"start":{"line":42,"column":4},"end":{"line":52,"column":null}},"10":{"start":{"line":43,"column":6},"end":{"line":45,"column":null}},"11":{"start":{"line":44,"column":8},"end":{"line":44,"column":null}},"12":{"start":{"line":47,"column":6},"end":{"line":49,"column":null}},"13":{"start":{"line":48,"column":8},"end":{"line":48,"column":null}},"14":{"start":{"line":51,"column":6},"end":{"line":51,"column":null}},"15":{"start":{"line":54,"column":4},"end":{"line":54,"column":null}},"16":{"start":{"line":58,"column":19},"end":{"line":58,"column":35}},"17":{"start":{"line":59,"column":24},"end":{"line":73,"column":2}},"18":{"start":{"line":61,"column":4},"end":{"line":64,"column":null}},"19":{"start":{"line":62,"column":6},"end":{"line":62,"column":null}},"20":{"start":{"line":63,"column":6},"end":{"line":63,"column":null}},"21":{"start":{"line":66,"column":4},"end":{"line":69,"column":null}},"22":{"start":{"line":67,"column":6},"end":{"line":67,"column":null}},"23":{"start":{"line":68,"column":6},"end":{"line":68,"column":null}},"24":{"start":{"line":71,"column":4},"end":{"line":71,"column":null}},"25":{"start":{"line":74,"column":0},"end":{"line":74,"column":null}}},"fnMap":{"0":{"name":"(anonymous_0)","decl":{"start":{"line":18,"column":2},"end":{"line":18,"column":null}},"loc":{"start":{"line":18,"column":2},"end":{"line":20,"column":3}}},"1":{"name":"(anonymous_1)","decl":{"start":{"line":23,"column":9},"end":{"line":23,"column":16}},"loc":{"start":{"line":23,"column":16},"end":{"line":26,"column":3}}},"2":{"name":"(anonymous_2)","decl":{"start":{"line":29,"column":9},"end":{"line":29,"column":16}},"loc":{"start":{"line":29,"column":16},"end":{"line":32,"column":3}}},"3":{"name":"(anonymous_3)","decl":{"start":{"line":35,"column":9},"end":{"line":35,"column":16}},"loc":{"start":{"line":35,"column":16},"end":{"line":38,"column":3}}},"4":{"name":"(anonymous_4)","decl":{"start":{"line":41,"column":9},"end":{"line":41,"column":15}},"loc":{"start":{"line":41,"column":42},"end":{"line":55,"column":3}}},"5":{"name":"(anonymous_5)","decl":{"start":{"line":60,"column":2},"end":{"line":60,"column":5}},"loc":{"start":{"line":60,"column":52},"end":{"line":72,"column":3}}}},"branchMap":{"0":{"loc":{"start":{"line":43,"column":6},"end":{"line":45,"column":null}},"type":"if","locations":[{"start":{"line":43,"column":6},"end":{"line":45,"column":null}}]},"1":{"loc":{"start":{"line":47,"column":6},"end":{"line":49,"column":null}},"type":"if","locations":[{"start":{"line":47,"column":6},"end":{"line":49,"column":null}}]},"2":{"loc":{"start":{"line":47,"column":10},"end":{"line":47,"column":109}},"type":"binary-expr","locations":[{"start":{"line":47,"column":10},"end":{"line":47,"column":26}},{"start":{"line":47,"column":30},"end":{"line":47,"column":109}}]},"3":{"loc":{"start":{"line":61,"column":4},"end":{"line":64,"column":null}},"type":"if","locations":[{"start":{"line":61,"column":4},"end":{"line":64,"column":null}}]},"4":{"loc":{"start":{"line":61,"column":8},"end":{"line":61,"column":46}},"type":"binary-expr","locations":[{"start":{"line":61,"column":8},"end":{"line":61,"column":25}},{"start":{"line":61,"column":29},"end":{"line":61,"column":46}}]},"5":{"loc":{"start":{"line":66,"column":4},"end":{"line":69,"column":null}},"type":"if","locations":[{"start":{"line":66,"column":4},"end":{"line":69,"column":null}}]}},"s":{"0":4,"1":4,"2":4,"3":26,"4":26,"5":18,"6":18,"7":45,"8":45,"9":22,"10":58,"11":0,"12":58,"13":0,"14":58,"15":22,"16":4,"17":4,"18":1991,"19":44,"20":44,"21":1947,"22":45,"23":45,"24":1902,"25":4},"f":{"0":4,"1":26,"2":18,"3":45,"4":22,"5":1991},"b":{"0":[0],"1":[0],"2":[58,20],"3":[44],"4":[1991,1973],"5":[45]}}
,"E:\\个人插件\\local-tango\\src\\modules\\StorageDriver.ts": {"path":"E:\\个人插件\\local-tango\\src\\modules\\StorageDriver.ts","statementMap":{"0":{"start":{"line":2,"column":0},"end":{"line":2,"column":31}},"1":{"start":{"line":3,"column":0},"end":{"line":3,"column":40}},"2":{"start":{"line":4,"column":0},"end":{"line":4,"column":41}},"3":{"start":{"line":5,"column":0},"end":{"line":5,"column":45}},"4":{"start":{"line":19,"column":33},"end":{"line":24,"column":null}},"5":{"start":{"line":27,"column":4},"end":{"line":27,"column":null}},"6":{"start":{"line":28,"column":4},"end":{"line":28,"column":null}},"7":{"start":{"line":29,"column":4},"end":{"line":29,"column":null}},"8":{"start":{"line":30,"column":4},"end":{"line":30,"column":null}},"9":{"start":{"line":35,"column":4},"end":{"line":37,"column":null}},"10":{"start":{"line":42,"column":47},"end":{"line":47,"column":null}},"11":{"start":{"line":48,"column":4},"end":{"line":48,"column":null}},"12":{"start":{"line":53,"column":36},"end":{"line":53,"column":52}},"13":{"start":{"line":54,"column":4},"end":{"line":56,"column":null}},"14":{"start":{"line":61,"column":36},"end":{"line":61,"column":52}},"15":{"start":{"line":63,"column":4},"end":{"line":69,"column":null}},"16":{"start":{"line":64,"column":6},"end":{"line":66,"column":null}},"17":{"start":{"line":68,"column":6},"end":{"line":68,"column":null}},"18":{"start":{"line":74,"column":4},"end":{"line":74,"column":null}},"19":{"start":{"line":79,"column":20},"end":{"line":79,"column":49}},"20":{"start":{"line":80,"column":4},"end":{"line":83,"column":null}},"21":{"start":{"line":81,"column":6},"end":{"line":81,"column":null}},"22":{"start":{"line":82,"column":6},"end":{"line":82,"column":null}},"23":{"start":{"line":85,"column":4},"end":{"line":85,"column":null}},"24":{"start":{"line":86,"column":4},"end":{"line":86,"column":null}},"25":{"start":{"line":87,"column":4},"end":{"line":87,"column":null}},"26":{"start":{"line":92,"column":20},"end":{"line":92,"column":59}},"27":{"start":{"line":93,"column":4},"end":{"line":96,"column":null}},"28":{"start":{"line":94,"column":6},"end":{"line":94,"column":null}},"29":{"start":{"line":95,"column":6},"end":{"line":95,"column":null}},"30":{"start":{"line":98,"column":4},"end":{"line":98,"column":null}},"31":{"start":{"line":99,"column":4},"end":{"line":99,"column":null}},"32":{"start":{"line":100,"column":4},"end":{"line":100,"column":null}},"33":{"start":{"line":105,"column":22},"end":{"line":105,"column":61}},"34":{"start":{"line":106,"column":4},"end":{"line":109,"column":null}},"35":{"start":{"line":107,"column":6},"end":{"line":107,"column":null}},"36":{"start":{"line":108,"column":6},"end":{"line":108,"column":null}},"37":{"start":{"line":111,"column":22},"end":{"line":111,"column":64}},"38":{"start":{"line":112,"column":4},"end":{"line":115,"column":null}},"39":{"start":{"line":113,"column":6},"end":{"line":113,"column":null}},"40":{"start":{"line":114,"column":6},"end":{"line":114,"column":null}},"41":{"start":{"line":117,"column":4},"end":{"line":117,"column":null}},"42":{"start":{"line":118,"column":4},"end":{"line":118,"column":null}},"43":{"start":{"line":123,"column":20},"end":{"line":123,"column":59}},"44":{"start":{"line":124,"column":4},"end":{"line":127,"column":null}},"45":{"start":{"line":125,"column":6},"end":{"line":125,"column":null}},"46":{"start":{"line":126,"column":6},"end":{"line":126,"column":null}},"47":{"start":{"line":129,"column":4},"end":{"line":129,"column":null}},"48":{"start":{"line":130,"column":4},"end":{"line":133,"column":null}},"49":{"start":{"line":131,"column":6},"end":{"line":131,"column":null}},"50":{"start":{"line":132,"column":6},"end":{"line":132,"column":null}},"51":{"start":{"line":136,"column":4},"end":{"line":138,"column":null}},"52":{"start":{"line":137,"column":6},"end":{"line":137,"column":null}},"53":{"start":{"line":140,"column":4},"end":{"line":140,"column":null}},"54":{"start":{"line":141,"column":4},"end":{"line":141,"column":null}},"55":{"start":{"line":146,"column":20},"end":{"line":146,"column":49}},"56":{"start":{"line":147,"column":4},"end":{"line":150,"column":null}},"57":{"start":{"line":148,"column":6},"end":{"line":148,"column":null}},"58":{"start":{"line":149,"column":6},"end":{"line":149,"column":null}},"59":{"start":{"line":152,"column":4},"end":{"line":152,"column":null}},"60":{"start":{"line":153,"column":4},"end":{"line":159,"column":null}},"61":{"start":{"line":154,"column":6},"end":{"line":154,"column":null}},"62":{"start":{"line":155,"column":6},"end":{"line":155,"column":null}},"63":{"start":{"line":157,"column":6},"end":{"line":157,"column":null}},"64":{"start":{"line":158,"column":6},"end":{"line":158,"column":null}},"65":{"start":{"line":164,"column":25},"end":{"line":164,"column":63}},"66":{"start":{"line":165,"column":4},"end":{"line":167,"column":null}},"67":{"start":{"line":166,"column":6},"end":{"line":166,"column":null}},"68":{"start":{"line":169,"column":4},"end":{"line":171,"column":null}},"69":{"start":{"line":170,"column":6},"end":{"line":170,"column":null}},"70":{"start":{"line":173,"column":4},"end":{"line":175,"column":null}},"71":{"start":{"line":174,"column":6},"end":{"line":174,"column":null}},"72":{"start":{"line":177,"column":21},"end":{"line":177,"column":41}},"73":{"start":{"line":178,"column":4},"end":{"line":181,"column":null}},"74":{"start":{"line":179,"column":6},"end":{"line":179,"column":null}},"75":{"start":{"line":180,"column":6},"end":{"line":180,"column":null}},"76":{"start":{"line":183,"column":4},"end":{"line":183,"column":null}},"77":{"start":{"line":188,"column":4},"end":{"line":188,"column":null}},"78":{"start":{"line":189,"column":4},"end":{"line":189,"column":null}},"79":{"start":{"line":194,"column":4},"end":{"line":197,"column":null}},"80":{"start":{"line":195,"column":6},"end":{"line":195,"column":null}},"81":{"start":{"line":196,"column":6},"end":{"line":196,"column":null}},"82":{"start":{"line":199,"column":4},"end":{"line":199,"column":null}},"83":{"start":{"line":200,"column":4},"end":{"line":200,"column":null}},"84":{"start":{"line":205,"column":4},"end":{"line":208,"column":null}},"85":{"start":{"line":206,"column":6},"end":{"line":206,"column":null}},"86":{"start":{"line":207,"column":6},"end":{"line":207,"column":null}},"87":{"start":{"line":210,"column":4},"end":{"line":210,"column":null}},"88":{"start":{"line":211,"column":4},"end":{"line":211,"column":null}},"89":{"start":{"line":216,"column":4},"end":{"line":219,"column":null}},"90":{"start":{"line":217,"column":6},"end":{"line":217,"column":null}},"91":{"start":{"line":218,"column":6},"end":{"line":218,"column":null}},"92":{"start":{"line":221,"column":4},"end":{"line":221,"column":null}},"93":{"start":{"line":222,"column":4},"end":{"line":222,"column":null}},"94":{"start":{"line":227,"column":4},"end":{"line":230,"column":null}},"95":{"start":{"line":228,"column":6},"end":{"line":228,"column":null}},"96":{"start":{"line":229,"column":6},"end":{"line":229,"column":null}},"97":{"start":{"line":232,"column":4},"end":{"line":232,"column":null}},"98":{"start":{"line":233,"column":4},"end":{"line":233,"column":null}},"99":{"start":{"line":238,"column":4},"end":{"line":241,"column":null}},"100":{"start":{"line":239,"column":6},"end":{"line":239,"column":null}},"101":{"start":{"line":240,"column":6},"end":{"line":240,"column":null}},"102":{"start":{"line":243,"column":25},"end":{"line":246,"column":null}},"103":{"start":{"line":248,"column":4},"end":{"line":248,"column":null}},"104":{"start":{"line":9,"column":0},"end":{"line":9,"column":21}}},"fnMap":{"0":{"name":"(anonymous_0)","decl":{"start":{"line":26,"column":2},"end":{"line":26,"column":21}},"loc":{"start":{"line":26,"column":53},"end":{"line":31,"column":3}}},"1":{"name":"(anonymous_1)","decl":{"start":{"line":34,"column":10},"end":{"line":34,"column":19}},"loc":{"start":{"line":34,"column":19},"end":{"line":38,"column":3}}},"2":{"name":"(anonymous_2)","decl":{"start":{"line":41,"column":10},"end":{"line":41,"column":19}},"loc":{"start":{"line":41,"column":19},"end":{"line":49,"column":3}}},"3":{"name":"(anonymous_3)","decl":{"start":{"line":52,"column":10},"end":{"line":52,"column":27}},"loc":{"start":{"line":52,"column":42},"end":{"line":57,"column":3}}},"4":{"name":"(anonymous_4)","decl":{"start":{"line":60,"column":10},"end":{"line":60,"column":28}},"loc":{"start":{"line":60,"column":43},"end":{"line":70,"column":3}}},"5":{"name":"(anonymous_5)","decl":{"start":{"line":73,"column":10},"end":{"line":73,"column":29}},"loc":{"start":{"line":73,"column":29},"end":{"line":75,"column":3}}},"6":{"name":"(anonymous_6)","decl":{"start":{"line":78,"column":9},"end":{"line":78,"column":16}},"loc":{"start":{"line":78,"column":28},"end":{"line":88,"column":3}}},"7":{"name":"(anonymous_7)","decl":{"start":{"line":91,"column":9},"end":{"line":91,"column":22}},"loc":{"start":{"line":91,"column":53},"end":{"line":101,"column":3}}},"8":{"name":"(anonymous_8)","decl":{"start":{"line":104,"column":9},"end":{"line":104,"column":22}},"loc":{"start":{"line":104,"column":52},"end":{"line":119,"column":3}}},"9":{"name":"(anonymous_9)","decl":{"start":{"line":122,"column":9},"end":{"line":122,"column":23}},"loc":{"start":{"line":122,"column":57},"end":{"line":142,"column":3}}},"10":{"name":"(anonymous_10)","decl":{"start":{"line":145,"column":9},"end":{"line":145,"column":20}},"loc":{"start":{"line":145,"column":51},"end":{"line":160,"column":3}}},"11":{"name":"(anonymous_11)","decl":{"start":{"line":163,"column":9},"end":{"line":163,"column":23}},"loc":{"start":{"line":163,"column":56},"end":{"line":184,"column":3}}},"12":{"name":"(anonymous_12)","decl":{"start":{"line":187,"column":9},"end":{"line":187,"column":16}},"loc":{"start":{"line":187,"column":41},"end":{"line":190,"column":3}}},"13":{"name":"(anonymous_13)","decl":{"start":{"line":193,"column":9},"end":{"line":193,"column":22}},"loc":{"start":{"line":193,"column":50},"end":{"line":201,"column":3}}},"14":{"name":"(anonymous_14)","decl":{"start":{"line":204,"column":9},"end":{"line":204,"column":22}},"loc":{"start":{"line":204,"column":50},"end":{"line":212,"column":3}}},"15":{"name":"(anonymous_15)","decl":{"start":{"line":215,"column":9},"end":{"line":215,"column":23}},"loc":{"start":{"line":215,"column":52},"end":{"line":223,"column":3}}},"16":{"name":"(anonymous_16)","decl":{"start":{"line":226,"column":9},"end":{"line":226,"column":20}},"loc":{"start":{"line":226,"column":74},"end":{"line":234,"column":3}}},"17":{"name":"(anonymous_17)","decl":{"start":{"line":237,"column":9},"end":{"line":237,"column":23}},"loc":{"start":{"line":237,"column":60},"end":{"line":249,"column":3}}}},"branchMap":{"0":{"loc":{"start":{"line":35,"column":11},"end":{"line":37,"column":26}},"type":"cond-expr","locations":[{"start":{"line":36,"column":8},"end":{"line":36,"column":57}},{"start":{"line":37,"column":8},"end":{"line":37,"column":26}}]},"1":{"loc":{"start":{"line":54,"column":11},"end":{"line":56,"column":13}},"type":"cond-expr","locations":[{"start":{"line":55,"column":8},"end":{"line":55,"column":38}},{"start":{"line":56,"column":8},"end":{"line":56,"column":13}}]},"2":{"loc":{"start":{"line":64,"column":13},"end":{"line":66,"column":15}},"type":"cond-expr","locations":[{"start":{"line":65,"column":10},"end":{"line":65,"column":58}},{"start":{"line":66,"column":10},"end":{"line":66,"column":15}}]},"3":{"loc":{"start":{"line":80,"column":4},"end":{"line":83,"column":null}},"type":"if","locations":[{"start":{"line":80,"column":4},"end":{"line":83,"column":null}}]},"4":{"loc":{"start":{"line":91,"column":36},"end":{"line":91,"column":53}},"type":"default-arg","locations":[{"start":{"line":91,"column":51},"end":{"line":91,"column":53}}]},"5":{"loc":{"start":{"line":93,"column":4},"end":{"line":96,"column":null}},"type":"if","locations":[{"start":{"line":93,"column":4},"end":{"line":96,"column":null}}]},"6":{"loc":{"start":{"line":104,"column":36},"end":{"line":104,"column":52}},"type":"default-arg","locations":[{"start":{"line":104,"column":51},"end":{"line":104,"column":52}}]},"7":{"loc":{"start":{"line":106,"column":4},"end":{"line":109,"column":null}},"type":"if","locations":[{"start":{"line":106,"column":4},"end":{"line":109,"column":null}}]},"8":{"loc":{"start":{"line":112,"column":4},"end":{"line":115,"column":null}},"type":"if","locations":[{"start":{"line":112,"column":4},"end":{"line":115,"column":null}}]},"9":{"loc":{"start":{"line":122,"column":37},"end":{"line":122,"column":57}},"type":"default-arg","locations":[{"start":{"line":122,"column":52},"end":{"line":122,"column":57}}]},"10":{"loc":{"start":{"line":124,"column":4},"end":{"line":127,"column":null}},"type":"if","locations":[{"start":{"line":124,"column":4},"end":{"line":127,"column":null}}]},"11":{"loc":{"start":{"line":130,"column":4},"end":{"line":133,"column":null}},"type":"if","locations":[{"start":{"line":130,"column":4},"end":{"line":133,"column":null}}]},"12":{"loc":{"start":{"line":130,"column":8},"end":{"line":130,"column":95}},"type":"binary-expr","locations":[{"start":{"line":130,"column":8},"end":{"line":130,"column":25}},{"start":{"line":130,"column":29},"end":{"line":130,"column":46}},{"start":{"line":130,"column":50},"end":{"line":130,"column":70}},{"start":{"line":130,"column":74},"end":{"line":130,"column":95}}]},"13":{"loc":{"start":{"line":136,"column":4},"end":{"line":138,"column":null}},"type":"if","locations":[{"start":{"line":136,"column":4},"end":{"line":138,"column":null}}]},"14":{"loc":{"start":{"line":136,"column":8},"end":{"line":136,"column":50}},"type":"binary-expr","locations":[{"start":{"line":136,"column":8},"end":{"line":136,"column":29}},{"start":{"line":136,"column":33},"end":{"line":136,"column":50}}]},"15":{"loc":{"start":{"line":145,"column":34},"end":{"line":145,"column":51}},"type":"default-arg","locations":[{"start":{"line":145,"column":49},"end":{"line":145,"column":51}}]},"16":{"loc":{"start":{"line":147,"column":4},"end":{"line":150,"column":null}},"type":"if","locations":[{"start":{"line":147,"column":4},"end":{"line":150,"column":null}}]},"17":{"loc":{"start":{"line":163,"column":37},"end":{"line":163,"column":56}},"type":"default-arg","locations":[{"start":{"line":163,"column":52},"end":{"line":163,"column":56}}]},"18":{"loc":{"start":{"line":165,"column":4},"end":{"line":167,"column":null}},"type":"if","locations":[{"start":{"line":165,"column":4},"end":{"line":167,"column":null}}]},"19":{"loc":{"start":{"line":169,"column":4},"end":{"line":171,"column":null}},"type":"if","locations":[{"start":{"line":169,"column":4},"end":{"line":171,"column":null}}]},"20":{"loc":{"start":{"line":169,"column":8},"end":{"line":169,"column":101}},"type":"binary-expr","locations":[{"start":{"line":169,"column":8},"end":{"line":169,"column":54}},{"start":{"line":169,"column":58},"end":{"line":169,"column":101}}]},"21":{"loc":{"start":{"line":173,"column":4},"end":{"line":175,"column":null}},"type":"if","locations":[{"start":{"line":173,"column":4},"end":{"line":175,"column":null}}]},"22":{"loc":{"start":{"line":178,"column":4},"end":{"line":181,"column":null}},"type":"if","locations":[{"start":{"line":178,"column":4},"end":{"line":181,"column":null}}]},"23":{"loc":{"start":{"line":194,"column":4},"end":{"line":197,"column":null}},"type":"if","locations":[{"start":{"line":194,"column":4},"end":{"line":197,"column":null}}]},"24":{"loc":{"start":{"line":205,"column":4},"end":{"line":208,"column":null}},"type":"if","locations":[{"start":{"line":205,"column":4},"end":{"line":208,"column":null}}]},"25":{"loc":{"start":{"line":216,"column":4},"end":{"line":219,"column":null}},"type":"if","locations":[{"start":{"line":216,"column":4},"end":{"line":219,"column":null}}]},"26":{"loc":{"start":{"line":227,"column":4},"end":{"line":230,"column":null}},"type":"if","locations":[{"start":{"line":227,"column":4},"end":{"line":230,"column":null}}]},"27":{"loc":{"start":{"line":227,"column":8},"end":{"line":227,"column":129}},"type":"binary-expr","locations":[{"start":{"line":227,"column":8},"end":{"line":227,"column":67}},{"start":{"line":227,"column":71},"end":{"line":227,"column":129}}]},"28":{"loc":{"start":{"line":237,"column":49},"end":{"line":237,"column":60}},"type":"default-arg","locations":[{"start":{"line":237,"column":59},"end":{"line":237,"column":60}}]},"29":{"loc":{"start":{"line":238,"column":4},"end":{"line":241,"column":null}},"type":"if","locations":[{"start":{"line":238,"column":4},"end":{"line":241,"column":null}}]},"30":{"loc":{"start":{"line":245,"column":15},"end":{"line":245,"column":71}},"type":"cond-expr","locations":[{"start":{"line":245,"column":31},"end":{"line":245,"column":38}},{"start":{"line":245,"column":41},"end":{"line":245,"column":71}}]}},"s":{"0":4,"1":4,"2":4,"3":4,"4":4,"5":4,"6":4,"7":4,"8":4,"9":221,"10":118,"11":118,"12":51,"13":51,"14":52,"15":52,"16":52,"17":0,"18":115,"19":18,"20":18,"21":2,"22":2,"23":16,"24":16,"25":16,"26":8,"27":8,"28":2,"29":2,"30":6,"31":6,"32":6,"33":8,"34":8,"35":2,"36":2,"37":6,"38":6,"39":0,"40":0,"41":6,"42":6,"43":8,"44":8,"45":2,"46":2,"47":6,"48":6,"49":0,"50":0,"51":6,"52":2,"53":6,"54":6,"55":22,"56":22,"57":4,"58":4,"59":18,"60":18,"61":18,"62":18,"63":0,"64":0,"65":13,"66":13,"67":2,"68":11,"69":0,"70":11,"71":3,"72":8,"73":8,"74":3,"75":3,"76":5,"77":15,"78":15,"79":6,"80":0,"81":0,"82":6,"83":6,"84":6,"85":0,"86":0,"87":6,"88":6,"89":6,"90":0,"91":0,"92":6,"93":6,"94":18,"95":0,"96":0,"97":18,"98":18,"99":11,"100":0,"101":0,"102":11,"103":11,"104":4},"f":{"0":4,"1":221,"2":118,"3":51,"4":52,"5":115,"6":18,"7":8,"8":8,"9":8,"10":22,"11":13,"12":15,"13":6,"14":6,"15":6,"16":18,"17":11},"b":{"0":[154,67],"1":[23,28],"2":[24,28],"3":[2],"4":[6],"5":[2],"6":[6],"7":[2],"8":[0],"9":[6],"10":[2],"11":[0],"12":[6,6,6,2],"13":[2],"14":[6,4],"15":[7],"16":[4],"17":[13],"18":[2],"19":[0],"20":[11,11],"21":[3],"22":[3],"23":[0],"24":[0],"25":[0],"26":[0],"27":[18,2],"28":[3],"29":[0],"30":[3,8]}}
,"E:\\个人插件\\local-tango\\src\\modules\\localStorage\\index.ts": {"path":"E:\\个人插件\\local-tango\\src\\modules\\localStorage\\index.ts","statementMap":{"0":{"start":{"line":7,"column":4},"end":{"line":7,"column":null}},"1":{"start":{"line":12,"column":4},"end":{"line":12,"column":null}},"2":{"start":{"line":17,"column":4},"end":{"line":17,"column":null}},"3":{"start":{"line":22,"column":4},"end":{"line":22,"column":null}},"4":{"start":{"line":4,"column":0},"end":{"line":4,"column":21}}},"fnMap":{"0":{"name":"(anonymous_0)","decl":{"start":{"line":6,"column":2},"end":{"line":6,"column":9}},"loc":{"start":{"line":6,"column":21},"end":{"line":8,"column":3}}},"1":{"name":"(anonymous_1)","decl":{"start":{"line":11,"column":2},"end":{"line":11,"column":9}},"loc":{"start":{"line":11,"column":36},"end":{"line":13,"column":3}}},"2":{"name":"(anonymous_2)","decl":{"start":{"line":16,"column":2},"end":{"line":16,"column":12}},"loc":{"start":{"line":16,"column":24},"end":{"line":18,"column":3}}},"3":{"name":"(anonymous_3)","decl":{"start":{"line":21,"column":2},"end":{"line":21,"column":7}},"loc":{"start":{"line":21,"column":7},"end":{"line":23,"column":3}}}},"branchMap":{},"s":{"0":51,"1":39,"2":3,"3":0,"4":4},"f":{"0":51,"1":39,"2":3,"3":0},"b":{}}
,"E:\\个人插件\\local-tango\\src\\modules\\sessionStorage\\index.ts": {"path":"E:\\个人插件\\local-tango\\src\\modules\\sessionStorage\\index.ts","statementMap":{"0":{"start":{"line":7,"column":4},"end":{"line":7,"column":null}},"1":{"start":{"line":12,"column":4},"end":{"line":12,"column":null}},"2":{"start":{"line":17,"column":4},"end":{"line":17,"column":null}},"3":{"start":{"line":22,"column":4},"end":{"line":22,"column":null}},"4":{"start":{"line":4,"column":0},"end":{"line":4,"column":21}}},"fnMap":{"0":{"name":"(anonymous_0)","decl":{"start":{"line":6,"column":2},"end":{"line":6,"column":9}},"loc":{"start":{"line":6,"column":21},"end":{"line":8,"column":3}}},"1":{"name":"(anonymous_1)","decl":{"start":{"line":11,"column":2},"end":{"line":11,"column":9}},"loc":{"start":{"line":11,"column":34},"end":{"line":13,"column":3}}},"2":{"name":"(anonymous_2)","decl":{"start":{"line":16,"column":2},"end":{"line":16,"column":12}},"loc":{"start":{"line":16,"column":24},"end":{"line":18,"column":3}}},"3":{"name":"(anonymous_3)","decl":{"start":{"line":21,"column":2},"end":{"line":21,"column":7}},"loc":{"start":{"line":21,"column":7},"end":{"line":23,"column":3}}}},"branchMap":{},"s":{"0":13,"1":12,"2":0,"3":0,"4":4},"f":{"0":13,"1":12,"2":0,"3":0},"b":{}}
}
