{"E:\\个人插件\\local-tango\\src\\LocalTango.ts": {"path":"E:\\个人插件\\local-tango\\src\\LocalTango.ts","statementMap":{"0":{"start":{"line":13,"column":0},"end":{"line":13,"column":47}},"1":{"start":{"line":14,"column":0},"end":{"line":14,"column":51}},"2":{"start":{"line":18,"column":4},"end":{"line":18,"column":null}},"3":{"start":{"line":23,"column":4},"end":{"line":23,"column":null}},"4":{"start":{"line":24,"column":4},"end":{"line":24,"column":null}},"5":{"start":{"line":29,"column":4},"end":{"line":29,"column":null}},"6":{"start":{"line":30,"column":4},"end":{"line":30,"column":null}},"7":{"start":{"line":35,"column":4},"end":{"line":35,"column":null}},"8":{"start":{"line":36,"column":4},"end":{"line":36,"column":null}},"9":{"start":{"line":41,"column":4},"end":{"line":51,"column":null}},"10":{"start":{"line":42,"column":6},"end":{"line":44,"column":null}},"11":{"start":{"line":43,"column":8},"end":{"line":43,"column":null}},"12":{"start":{"line":46,"column":6},"end":{"line":48,"column":null}},"13":{"start":{"line":47,"column":8},"end":{"line":47,"column":null}},"14":{"start":{"line":50,"column":6},"end":{"line":50,"column":null}},"15":{"start":{"line":53,"column":4},"end":{"line":53,"column":null}},"16":{"start":{"line":57,"column":19},"end":{"line":57,"column":35}},"17":{"start":{"line":58,"column":24},"end":{"line":72,"column":2}},"18":{"start":{"line":60,"column":4},"end":{"line":63,"column":null}},"19":{"start":{"line":61,"column":6},"end":{"line":61,"column":null}},"20":{"start":{"line":62,"column":6},"end":{"line":62,"column":null}},"21":{"start":{"line":65,"column":4},"end":{"line":68,"column":null}},"22":{"start":{"line":66,"column":6},"end":{"line":66,"column":null}},"23":{"start":{"line":67,"column":6},"end":{"line":67,"column":null}},"24":{"start":{"line":70,"column":4},"end":{"line":70,"column":null}},"25":{"start":{"line":74,"column":0},"end":{"line":74,"column":null}}},"fnMap":{"0":{"name":"(anonymous_0)","decl":{"start":{"line":17,"column":2},"end":{"line":17,"column":null}},"loc":{"start":{"line":17,"column":2},"end":{"line":19,"column":3}}},"1":{"name":"(anonymous_1)","decl":{"start":{"line":22,"column":9},"end":{"line":22,"column":16}},"loc":{"start":{"line":22,"column":16},"end":{"line":25,"column":3}}},"2":{"name":"(anonymous_2)","decl":{"start":{"line":28,"column":9},"end":{"line":28,"column":16}},"loc":{"start":{"line":28,"column":16},"end":{"line":31,"column":3}}},"3":{"name":"(anonymous_3)","decl":{"start":{"line":34,"column":9},"end":{"line":34,"column":16}},"loc":{"start":{"line":34,"column":16},"end":{"line":37,"column":3}}},"4":{"name":"(anonymous_4)","decl":{"start":{"line":40,"column":9},"end":{"line":40,"column":15}},"loc":{"start":{"line":40,"column":42},"end":{"line":54,"column":3}}},"5":{"name":"(anonymous_5)","decl":{"start":{"line":59,"column":2},"end":{"line":59,"column":5}},"loc":{"start":{"line":59,"column":52},"end":{"line":71,"column":3}}}},"branchMap":{"0":{"loc":{"start":{"line":42,"column":6},"end":{"line":44,"column":null}},"type":"if","locations":[{"start":{"line":42,"column":6},"end":{"line":44,"column":null}}]},"1":{"loc":{"start":{"line":46,"column":6},"end":{"line":48,"column":null}},"type":"if","locations":[{"start":{"line":46,"column":6},"end":{"line":48,"column":null}}]},"2":{"loc":{"start":{"line":46,"column":10},"end":{"line":46,"column":109}},"type":"binary-expr","locations":[{"start":{"line":46,"column":10},"end":{"line":46,"column":26}},{"start":{"line":46,"column":30},"end":{"line":46,"column":109}}]},"3":{"loc":{"start":{"line":60,"column":4},"end":{"line":63,"column":null}},"type":"if","locations":[{"start":{"line":60,"column":4},"end":{"line":63,"column":null}}]},"4":{"loc":{"start":{"line":60,"column":8},"end":{"line":60,"column":46}},"type":"binary-expr","locations":[{"start":{"line":60,"column":8},"end":{"line":60,"column":25}},{"start":{"line":60,"column":29},"end":{"line":60,"column":46}}]},"5":{"loc":{"start":{"line":65,"column":4},"end":{"line":68,"column":null}},"type":"if","locations":[{"start":{"line":65,"column":4},"end":{"line":68,"column":null}}]}},"s":{"0":4,"1":4,"2":4,"3":26,"4":26,"5":18,"6":18,"7":45,"8":45,"9":22,"10":58,"11":0,"12":58,"13":0,"14":58,"15":22,"16":4,"17":4,"18":1991,"19":44,"20":44,"21":1947,"22":45,"23":45,"24":1902,"25":4},"f":{"0":4,"1":26,"2":18,"3":45,"4":22,"5":1991},"b":{"0":[0],"1":[0],"2":[58,20],"3":[44],"4":[1991,1973],"5":[45]}}
,"E:\\个人插件\\local-tango\\src\\config.ts": {"path":"E:\\个人插件\\local-tango\\src\\config.ts","statementMap":{"0":{"start":{"line":2,"column":13},"end":{"line":9,"column":null}}},"fnMap":{},"branchMap":{},"s":{"0":4},"f":{},"b":{}}
,"E:\\个人插件\\local-tango\\src\\index.ts": {"path":"E:\\个人插件\\local-tango\\src\\index.ts","statementMap":{"0":{"start":{"line":2,"column":0},"end":{"line":2,"column":45}},"1":{"start":{"line":5,"column":0},"end":{"line":5,"column":null}},"2":{"start":{"line":8,"column":0},"end":{"line":8,"column":null}}},"fnMap":{},"branchMap":{},"s":{"0":4,"1":4,"2":4},"f":{},"b":{}}
,"E:\\个人插件\\local-tango\\src\\modules\\StorageDriver.ts": {"path":"E:\\个人插件\\local-tango\\src\\modules\\StorageDriver.ts","statementMap":{"0":{"start":{"line":2,"column":0},"end":{"line":2,"column":31}},"1":{"start":{"line":3,"column":0},"end":{"line":3,"column":40}},"2":{"start":{"line":4,"column":0},"end":{"line":4,"column":41}},"3":{"start":{"line":5,"column":0},"end":{"line":5,"column":45}},"4":{"start":{"line":19,"column":33},"end":{"line":24,"column":null}},"5":{"start":{"line":27,"column":4},"end":{"line":27,"column":null}},"6":{"start":{"line":28,"column":4},"end":{"line":28,"column":null}},"7":{"start":{"line":29,"column":4},"end":{"line":29,"column":null}},"8":{"start":{"line":30,"column":4},"end":{"line":30,"column":null}},"9":{"start":{"line":35,"column":4},"end":{"line":37,"column":null}},"10":{"start":{"line":42,"column":47},"end":{"line":47,"column":null}},"11":{"start":{"line":48,"column":4},"end":{"line":48,"column":null}},"12":{"start":{"line":53,"column":36},"end":{"line":53,"column":52}},"13":{"start":{"line":54,"column":4},"end":{"line":56,"column":null}},"14":{"start":{"line":61,"column":36},"end":{"line":61,"column":52}},"15":{"start":{"line":63,"column":4},"end":{"line":71,"column":null}},"16":{"start":{"line":64,"column":6},"end":{"line":66,"column":null}},"17":{"start":{"line":69,"column":6},"end":{"line":69,"column":null}},"18":{"start":{"line":70,"column":6},"end":{"line":70,"column":null}},"19":{"start":{"line":76,"column":4},"end":{"line":76,"column":null}},"20":{"start":{"line":81,"column":20},"end":{"line":81,"column":49}},"21":{"start":{"line":82,"column":4},"end":{"line":85,"column":null}},"22":{"start":{"line":83,"column":6},"end":{"line":83,"column":null}},"23":{"start":{"line":84,"column":6},"end":{"line":84,"column":null}},"24":{"start":{"line":87,"column":4},"end":{"line":87,"column":null}},"25":{"start":{"line":88,"column":4},"end":{"line":88,"column":null}},"26":{"start":{"line":89,"column":4},"end":{"line":89,"column":null}},"27":{"start":{"line":94,"column":20},"end":{"line":94,"column":59}},"28":{"start":{"line":95,"column":4},"end":{"line":98,"column":null}},"29":{"start":{"line":96,"column":6},"end":{"line":96,"column":null}},"30":{"start":{"line":97,"column":6},"end":{"line":97,"column":null}},"31":{"start":{"line":100,"column":4},"end":{"line":100,"column":null}},"32":{"start":{"line":101,"column":4},"end":{"line":101,"column":null}},"33":{"start":{"line":102,"column":4},"end":{"line":102,"column":null}},"34":{"start":{"line":107,"column":22},"end":{"line":107,"column":61}},"35":{"start":{"line":108,"column":4},"end":{"line":111,"column":null}},"36":{"start":{"line":109,"column":6},"end":{"line":109,"column":null}},"37":{"start":{"line":110,"column":6},"end":{"line":110,"column":null}},"38":{"start":{"line":113,"column":22},"end":{"line":113,"column":64}},"39":{"start":{"line":114,"column":4},"end":{"line":117,"column":null}},"40":{"start":{"line":115,"column":6},"end":{"line":115,"column":null}},"41":{"start":{"line":116,"column":6},"end":{"line":116,"column":null}},"42":{"start":{"line":119,"column":4},"end":{"line":119,"column":null}},"43":{"start":{"line":120,"column":4},"end":{"line":120,"column":null}},"44":{"start":{"line":125,"column":20},"end":{"line":125,"column":59}},"45":{"start":{"line":126,"column":4},"end":{"line":129,"column":null}},"46":{"start":{"line":127,"column":6},"end":{"line":127,"column":null}},"47":{"start":{"line":128,"column":6},"end":{"line":128,"column":null}},"48":{"start":{"line":131,"column":4},"end":{"line":131,"column":null}},"49":{"start":{"line":132,"column":4},"end":{"line":135,"column":null}},"50":{"start":{"line":133,"column":6},"end":{"line":133,"column":null}},"51":{"start":{"line":134,"column":6},"end":{"line":134,"column":null}},"52":{"start":{"line":138,"column":4},"end":{"line":140,"column":null}},"53":{"start":{"line":139,"column":6},"end":{"line":139,"column":null}},"54":{"start":{"line":142,"column":4},"end":{"line":142,"column":null}},"55":{"start":{"line":143,"column":4},"end":{"line":143,"column":null}},"56":{"start":{"line":148,"column":20},"end":{"line":148,"column":49}},"57":{"start":{"line":149,"column":4},"end":{"line":152,"column":null}},"58":{"start":{"line":150,"column":6},"end":{"line":150,"column":null}},"59":{"start":{"line":151,"column":6},"end":{"line":151,"column":null}},"60":{"start":{"line":154,"column":4},"end":{"line":154,"column":null}},"61":{"start":{"line":155,"column":4},"end":{"line":161,"column":null}},"62":{"start":{"line":156,"column":6},"end":{"line":156,"column":null}},"63":{"start":{"line":157,"column":6},"end":{"line":157,"column":null}},"64":{"start":{"line":159,"column":6},"end":{"line":159,"column":null}},"65":{"start":{"line":160,"column":6},"end":{"line":160,"column":null}},"66":{"start":{"line":166,"column":25},"end":{"line":166,"column":46}},"67":{"start":{"line":167,"column":4},"end":{"line":169,"column":null}},"68":{"start":{"line":168,"column":6},"end":{"line":168,"column":null}},"69":{"start":{"line":171,"column":4},"end":{"line":173,"column":null}},"70":{"start":{"line":172,"column":6},"end":{"line":172,"column":null}},"71":{"start":{"line":175,"column":4},"end":{"line":177,"column":null}},"72":{"start":{"line":176,"column":6},"end":{"line":176,"column":null}},"73":{"start":{"line":179,"column":21},"end":{"line":179,"column":41}},"74":{"start":{"line":180,"column":4},"end":{"line":183,"column":null}},"75":{"start":{"line":181,"column":6},"end":{"line":181,"column":null}},"76":{"start":{"line":182,"column":6},"end":{"line":182,"column":null}},"77":{"start":{"line":185,"column":4},"end":{"line":185,"column":null}},"78":{"start":{"line":190,"column":4},"end":{"line":190,"column":null}},"79":{"start":{"line":191,"column":4},"end":{"line":191,"column":null}},"80":{"start":{"line":196,"column":4},"end":{"line":199,"column":null}},"81":{"start":{"line":197,"column":6},"end":{"line":197,"column":null}},"82":{"start":{"line":198,"column":6},"end":{"line":198,"column":null}},"83":{"start":{"line":201,"column":4},"end":{"line":201,"column":null}},"84":{"start":{"line":202,"column":4},"end":{"line":202,"column":null}},"85":{"start":{"line":207,"column":4},"end":{"line":210,"column":null}},"86":{"start":{"line":208,"column":6},"end":{"line":208,"column":null}},"87":{"start":{"line":209,"column":6},"end":{"line":209,"column":null}},"88":{"start":{"line":212,"column":4},"end":{"line":212,"column":null}},"89":{"start":{"line":213,"column":4},"end":{"line":213,"column":null}},"90":{"start":{"line":218,"column":4},"end":{"line":221,"column":null}},"91":{"start":{"line":219,"column":6},"end":{"line":219,"column":null}},"92":{"start":{"line":220,"column":6},"end":{"line":220,"column":null}},"93":{"start":{"line":223,"column":4},"end":{"line":223,"column":null}},"94":{"start":{"line":224,"column":4},"end":{"line":224,"column":null}},"95":{"start":{"line":229,"column":4},"end":{"line":232,"column":null}},"96":{"start":{"line":230,"column":6},"end":{"line":230,"column":null}},"97":{"start":{"line":231,"column":6},"end":{"line":231,"column":null}},"98":{"start":{"line":234,"column":4},"end":{"line":234,"column":null}},"99":{"start":{"line":235,"column":4},"end":{"line":235,"column":null}},"100":{"start":{"line":240,"column":4},"end":{"line":243,"column":null}},"101":{"start":{"line":241,"column":6},"end":{"line":241,"column":null}},"102":{"start":{"line":242,"column":6},"end":{"line":242,"column":null}},"103":{"start":{"line":245,"column":25},"end":{"line":248,"column":null}},"104":{"start":{"line":250,"column":4},"end":{"line":250,"column":null}},"105":{"start":{"line":9,"column":0},"end":{"line":9,"column":21}}},"fnMap":{"0":{"name":"(anonymous_0)","decl":{"start":{"line":26,"column":2},"end":{"line":26,"column":21}},"loc":{"start":{"line":26,"column":53},"end":{"line":31,"column":3}}},"1":{"name":"(anonymous_1)","decl":{"start":{"line":34,"column":10},"end":{"line":34,"column":19}},"loc":{"start":{"line":34,"column":19},"end":{"line":38,"column":3}}},"2":{"name":"(anonymous_2)","decl":{"start":{"line":41,"column":10},"end":{"line":41,"column":19}},"loc":{"start":{"line":41,"column":19},"end":{"line":49,"column":3}}},"3":{"name":"(anonymous_3)","decl":{"start":{"line":52,"column":10},"end":{"line":52,"column":27}},"loc":{"start":{"line":52,"column":42},"end":{"line":57,"column":3}}},"4":{"name":"(anonymous_4)","decl":{"start":{"line":60,"column":10},"end":{"line":60,"column":28}},"loc":{"start":{"line":60,"column":43},"end":{"line":72,"column":3}}},"5":{"name":"(anonymous_5)","decl":{"start":{"line":75,"column":10},"end":{"line":75,"column":29}},"loc":{"start":{"line":75,"column":29},"end":{"line":77,"column":3}}},"6":{"name":"(anonymous_6)","decl":{"start":{"line":80,"column":9},"end":{"line":80,"column":16}},"loc":{"start":{"line":80,"column":48},"end":{"line":90,"column":3}}},"7":{"name":"(anonymous_7)","decl":{"start":{"line":93,"column":9},"end":{"line":93,"column":22}},"loc":{"start":{"line":93,"column":57},"end":{"line":103,"column":3}}},"8":{"name":"(anonymous_8)","decl":{"start":{"line":106,"column":9},"end":{"line":106,"column":22}},"loc":{"start":{"line":106,"column":57},"end":{"line":121,"column":3}}},"9":{"name":"(anonymous_9)","decl":{"start":{"line":124,"column":9},"end":{"line":124,"column":23}},"loc":{"start":{"line":124,"column":59},"end":{"line":144,"column":3}}},"10":{"name":"(anonymous_10)","decl":{"start":{"line":147,"column":9},"end":{"line":147,"column":20}},"loc":{"start":{"line":147,"column":78},"end":{"line":162,"column":3}}},"11":{"name":"(anonymous_11)","decl":{"start":{"line":165,"column":9},"end":{"line":165,"column":23}},"loc":{"start":{"line":165,"column":55},"end":{"line":186,"column":3}}},"12":{"name":"(anonymous_12)","decl":{"start":{"line":189,"column":9},"end":{"line":189,"column":16}},"loc":{"start":{"line":189,"column":41},"end":{"line":192,"column":3}}},"13":{"name":"(anonymous_13)","decl":{"start":{"line":195,"column":9},"end":{"line":195,"column":22}},"loc":{"start":{"line":195,"column":50},"end":{"line":203,"column":3}}},"14":{"name":"(anonymous_14)","decl":{"start":{"line":206,"column":9},"end":{"line":206,"column":22}},"loc":{"start":{"line":206,"column":50},"end":{"line":214,"column":3}}},"15":{"name":"(anonymous_15)","decl":{"start":{"line":217,"column":9},"end":{"line":217,"column":23}},"loc":{"start":{"line":217,"column":52},"end":{"line":225,"column":3}}},"16":{"name":"(anonymous_16)","decl":{"start":{"line":228,"column":9},"end":{"line":228,"column":20}},"loc":{"start":{"line":228,"column":74},"end":{"line":236,"column":3}}},"17":{"name":"(anonymous_17)","decl":{"start":{"line":239,"column":9},"end":{"line":239,"column":23}},"loc":{"start":{"line":239,"column":60},"end":{"line":251,"column":3}}}},"branchMap":{"0":{"loc":{"start":{"line":35,"column":11},"end":{"line":37,"column":26}},"type":"cond-expr","locations":[{"start":{"line":36,"column":8},"end":{"line":36,"column":57}},{"start":{"line":37,"column":8},"end":{"line":37,"column":26}}]},"1":{"loc":{"start":{"line":54,"column":11},"end":{"line":56,"column":13}},"type":"cond-expr","locations":[{"start":{"line":55,"column":8},"end":{"line":55,"column":38}},{"start":{"line":56,"column":8},"end":{"line":56,"column":13}}]},"2":{"loc":{"start":{"line":64,"column":13},"end":{"line":66,"column":15}},"type":"cond-expr","locations":[{"start":{"line":65,"column":10},"end":{"line":65,"column":58}},{"start":{"line":66,"column":10},"end":{"line":66,"column":15}}]},"3":{"loc":{"start":{"line":82,"column":4},"end":{"line":85,"column":null}},"type":"if","locations":[{"start":{"line":82,"column":4},"end":{"line":85,"column":null}}]},"4":{"loc":{"start":{"line":84,"column":13},"end":{"line":84,"column":33}},"type":"binary-expr","locations":[{"start":{"line":84,"column":13},"end":{"line":84,"column":25}},{"start":{"line":84,"column":29},"end":{"line":84,"column":33}}]},"5":{"loc":{"start":{"line":95,"column":4},"end":{"line":98,"column":null}},"type":"if","locations":[{"start":{"line":95,"column":4},"end":{"line":98,"column":null}}]},"6":{"loc":{"start":{"line":97,"column":13},"end":{"line":97,"column":33}},"type":"binary-expr","locations":[{"start":{"line":97,"column":13},"end":{"line":97,"column":25}},{"start":{"line":97,"column":29},"end":{"line":97,"column":33}}]},"7":{"loc":{"start":{"line":108,"column":4},"end":{"line":111,"column":null}},"type":"if","locations":[{"start":{"line":108,"column":4},"end":{"line":111,"column":null}}]},"8":{"loc":{"start":{"line":110,"column":13},"end":{"line":110,"column":33}},"type":"binary-expr","locations":[{"start":{"line":110,"column":13},"end":{"line":110,"column":25}},{"start":{"line":110,"column":29},"end":{"line":110,"column":33}}]},"9":{"loc":{"start":{"line":114,"column":4},"end":{"line":117,"column":null}},"type":"if","locations":[{"start":{"line":114,"column":4},"end":{"line":117,"column":null}}]},"10":{"loc":{"start":{"line":126,"column":4},"end":{"line":129,"column":null}},"type":"if","locations":[{"start":{"line":126,"column":4},"end":{"line":129,"column":null}}]},"11":{"loc":{"start":{"line":128,"column":13},"end":{"line":128,"column":33}},"type":"binary-expr","locations":[{"start":{"line":128,"column":13},"end":{"line":128,"column":25}},{"start":{"line":128,"column":29},"end":{"line":128,"column":33}}]},"12":{"loc":{"start":{"line":132,"column":4},"end":{"line":135,"column":null}},"type":"if","locations":[{"start":{"line":132,"column":4},"end":{"line":135,"column":null}}]},"13":{"loc":{"start":{"line":132,"column":8},"end":{"line":132,"column":95}},"type":"binary-expr","locations":[{"start":{"line":132,"column":8},"end":{"line":132,"column":25}},{"start":{"line":132,"column":29},"end":{"line":132,"column":46}},{"start":{"line":132,"column":50},"end":{"line":132,"column":70}},{"start":{"line":132,"column":74},"end":{"line":132,"column":95}}]},"14":{"loc":{"start":{"line":138,"column":4},"end":{"line":140,"column":null}},"type":"if","locations":[{"start":{"line":138,"column":4},"end":{"line":140,"column":null}}]},"15":{"loc":{"start":{"line":138,"column":8},"end":{"line":138,"column":50}},"type":"binary-expr","locations":[{"start":{"line":138,"column":8},"end":{"line":138,"column":29}},{"start":{"line":138,"column":33},"end":{"line":138,"column":50}}]},"16":{"loc":{"start":{"line":149,"column":4},"end":{"line":152,"column":null}},"type":"if","locations":[{"start":{"line":149,"column":4},"end":{"line":152,"column":null}}]},"17":{"loc":{"start":{"line":151,"column":13},"end":{"line":151,"column":33}},"type":"binary-expr","locations":[{"start":{"line":151,"column":13},"end":{"line":151,"column":25}},{"start":{"line":151,"column":29},"end":{"line":151,"column":33}}]},"18":{"loc":{"start":{"line":167,"column":4},"end":{"line":169,"column":null}},"type":"if","locations":[{"start":{"line":167,"column":4},"end":{"line":169,"column":null}}]},"19":{"loc":{"start":{"line":168,"column":13},"end":{"line":168,"column":33}},"type":"binary-expr","locations":[{"start":{"line":168,"column":13},"end":{"line":168,"column":25}},{"start":{"line":168,"column":29},"end":{"line":168,"column":33}}]},"20":{"loc":{"start":{"line":171,"column":4},"end":{"line":173,"column":null}},"type":"if","locations":[{"start":{"line":171,"column":4},"end":{"line":173,"column":null}}]},"21":{"loc":{"start":{"line":171,"column":8},"end":{"line":171,"column":101}},"type":"binary-expr","locations":[{"start":{"line":171,"column":8},"end":{"line":171,"column":54}},{"start":{"line":171,"column":58},"end":{"line":171,"column":101}}]},"22":{"loc":{"start":{"line":175,"column":4},"end":{"line":177,"column":null}},"type":"if","locations":[{"start":{"line":175,"column":4},"end":{"line":177,"column":null}}]},"23":{"loc":{"start":{"line":180,"column":4},"end":{"line":183,"column":null}},"type":"if","locations":[{"start":{"line":180,"column":4},"end":{"line":183,"column":null}}]},"24":{"loc":{"start":{"line":182,"column":13},"end":{"line":182,"column":33}},"type":"binary-expr","locations":[{"start":{"line":182,"column":13},"end":{"line":182,"column":25}},{"start":{"line":182,"column":29},"end":{"line":182,"column":33}}]},"25":{"loc":{"start":{"line":196,"column":4},"end":{"line":199,"column":null}},"type":"if","locations":[{"start":{"line":196,"column":4},"end":{"line":199,"column":null}}]},"26":{"loc":{"start":{"line":207,"column":4},"end":{"line":210,"column":null}},"type":"if","locations":[{"start":{"line":207,"column":4},"end":{"line":210,"column":null}}]},"27":{"loc":{"start":{"line":218,"column":4},"end":{"line":221,"column":null}},"type":"if","locations":[{"start":{"line":218,"column":4},"end":{"line":221,"column":null}}]},"28":{"loc":{"start":{"line":229,"column":4},"end":{"line":232,"column":null}},"type":"if","locations":[{"start":{"line":229,"column":4},"end":{"line":232,"column":null}}]},"29":{"loc":{"start":{"line":229,"column":8},"end":{"line":229,"column":129}},"type":"binary-expr","locations":[{"start":{"line":229,"column":8},"end":{"line":229,"column":67}},{"start":{"line":229,"column":71},"end":{"line":229,"column":129}}]},"30":{"loc":{"start":{"line":239,"column":49},"end":{"line":239,"column":60}},"type":"default-arg","locations":[{"start":{"line":239,"column":59},"end":{"line":239,"column":60}}]},"31":{"loc":{"start":{"line":240,"column":4},"end":{"line":243,"column":null}},"type":"if","locations":[{"start":{"line":240,"column":4},"end":{"line":243,"column":null}}]},"32":{"loc":{"start":{"line":247,"column":15},"end":{"line":247,"column":71}},"type":"cond-expr","locations":[{"start":{"line":247,"column":31},"end":{"line":247,"column":38}},{"start":{"line":247,"column":41},"end":{"line":247,"column":71}}]}},"s":{"0":4,"1":4,"2":4,"3":4,"4":4,"5":4,"6":4,"7":4,"8":4,"9":221,"10":118,"11":118,"12":51,"13":51,"14":52,"15":52,"16":52,"17":0,"18":0,"19":115,"20":18,"21":18,"22":2,"23":2,"24":16,"25":16,"26":16,"27":8,"28":8,"29":2,"30":2,"31":6,"32":6,"33":6,"34":8,"35":8,"36":2,"37":2,"38":6,"39":6,"40":0,"41":0,"42":6,"43":6,"44":8,"45":8,"46":2,"47":2,"48":6,"49":6,"50":0,"51":0,"52":6,"53":2,"54":6,"55":6,"56":22,"57":22,"58":4,"59":4,"60":18,"61":18,"62":18,"63":18,"64":0,"65":0,"66":13,"67":13,"68":2,"69":11,"70":0,"71":11,"72":3,"73":8,"74":8,"75":3,"76":3,"77":5,"78":15,"79":15,"80":6,"81":0,"82":0,"83":6,"84":6,"85":6,"86":0,"87":0,"88":6,"89":6,"90":6,"91":0,"92":0,"93":6,"94":6,"95":18,"96":0,"97":0,"98":18,"99":18,"100":11,"101":0,"102":0,"103":11,"104":11,"105":4},"f":{"0":4,"1":221,"2":118,"3":51,"4":52,"5":115,"6":18,"7":8,"8":8,"9":8,"10":22,"11":13,"12":15,"13":6,"14":6,"15":6,"16":18,"17":11},"b":{"0":[154,67],"1":[23,28],"2":[24,28],"3":[2],"4":[2,2],"5":[2],"6":[2,0],"7":[2],"8":[2,0],"9":[0],"10":[2],"11":[2,2],"12":[0],"13":[6,6,6,2],"14":[2],"15":[6,4],"16":[4],"17":[4,2],"18":[2],"19":[2,2],"20":[0],"21":[11,11],"22":[3],"23":[3],"24":[3,3],"25":[0],"26":[0],"27":[0],"28":[0],"29":[18,2],"30":[3],"31":[0],"32":[3,8]}}
,"E:\\个人插件\\local-tango\\src\\modules\\localStorage\\index.ts": {"path":"E:\\个人插件\\local-tango\\src\\modules\\localStorage\\index.ts","statementMap":{"0":{"start":{"line":7,"column":4},"end":{"line":7,"column":null}},"1":{"start":{"line":12,"column":4},"end":{"line":12,"column":null}},"2":{"start":{"line":17,"column":4},"end":{"line":17,"column":null}},"3":{"start":{"line":22,"column":4},"end":{"line":22,"column":null}},"4":{"start":{"line":4,"column":0},"end":{"line":4,"column":21}}},"fnMap":{"0":{"name":"(anonymous_0)","decl":{"start":{"line":6,"column":2},"end":{"line":6,"column":9}},"loc":{"start":{"line":6,"column":21},"end":{"line":8,"column":3}}},"1":{"name":"(anonymous_1)","decl":{"start":{"line":11,"column":2},"end":{"line":11,"column":9}},"loc":{"start":{"line":11,"column":36},"end":{"line":13,"column":3}}},"2":{"name":"(anonymous_2)","decl":{"start":{"line":16,"column":2},"end":{"line":16,"column":12}},"loc":{"start":{"line":16,"column":24},"end":{"line":18,"column":3}}},"3":{"name":"(anonymous_3)","decl":{"start":{"line":21,"column":2},"end":{"line":21,"column":7}},"loc":{"start":{"line":21,"column":7},"end":{"line":23,"column":3}}}},"branchMap":{},"s":{"0":51,"1":39,"2":3,"3":0,"4":4},"f":{"0":51,"1":39,"2":3,"3":0},"b":{}}
,"E:\\个人插件\\local-tango\\src\\modules\\sessionStorage\\index.ts": {"path":"E:\\个人插件\\local-tango\\src\\modules\\sessionStorage\\index.ts","statementMap":{"0":{"start":{"line":7,"column":4},"end":{"line":7,"column":null}},"1":{"start":{"line":12,"column":4},"end":{"line":12,"column":null}},"2":{"start":{"line":17,"column":4},"end":{"line":17,"column":null}},"3":{"start":{"line":22,"column":4},"end":{"line":22,"column":null}},"4":{"start":{"line":4,"column":0},"end":{"line":4,"column":21}}},"fnMap":{"0":{"name":"(anonymous_0)","decl":{"start":{"line":6,"column":2},"end":{"line":6,"column":9}},"loc":{"start":{"line":6,"column":21},"end":{"line":8,"column":3}}},"1":{"name":"(anonymous_1)","decl":{"start":{"line":11,"column":2},"end":{"line":11,"column":9}},"loc":{"start":{"line":11,"column":34},"end":{"line":13,"column":3}}},"2":{"name":"(anonymous_2)","decl":{"start":{"line":16,"column":2},"end":{"line":16,"column":12}},"loc":{"start":{"line":16,"column":24},"end":{"line":18,"column":3}}},"3":{"name":"(anonymous_3)","decl":{"start":{"line":21,"column":2},"end":{"line":21,"column":7}},"loc":{"start":{"line":21,"column":7},"end":{"line":23,"column":3}}}},"branchMap":{},"s":{"0":13,"1":12,"2":0,"3":0,"4":4},"f":{"0":13,"1":12,"2":0,"3":0},"b":{}}
}
