TN:
SF:src\LocalTango.ts
FN:17,(anonymous_0)
FN:22,(anonymous_1)
FN:28,(anonymous_2)
FN:34,(anonymous_3)
FN:40,(anonymous_4)
FN:59,(anonymous_5)
FNF:6
FNH:6
FNDA:4,(anonymous_0)
FNDA:26,(anonymous_1)
FNDA:18,(anonymous_2)
FNDA:45,(anonymous_3)
FNDA:22,(anonymous_4)
FNDA:1991,(anonymous_5)
DA:13,4
DA:14,4
DA:18,4
DA:23,26
DA:24,26
DA:29,18
DA:30,18
DA:35,45
DA:36,45
DA:41,22
DA:42,58
DA:43,0
DA:46,58
DA:47,0
DA:50,58
DA:53,22
DA:57,4
DA:58,4
DA:60,1991
DA:61,44
DA:62,44
DA:65,1947
DA:66,45
DA:67,45
DA:70,1902
DA:74,4
LF:26
LH:24
BRDA:42,0,0,0
BRDA:46,1,0,0
BRDA:46,2,0,58
BRDA:46,2,1,20
BRDA:60,3,0,44
BRDA:60,4,0,1991
BRDA:60,4,1,1973
BRDA:65,5,0,45
BRF:8
BRH:6
end_of_record
TN:
SF:src\config.ts
FNF:0
FNH:0
DA:2,4
LF:1
LH:1
BRF:0
BRH:0
end_of_record
TN:
SF:src\index.ts
FNF:0
FNH:0
DA:2,4
DA:5,4
DA:8,4
LF:3
LH:3
BRF:0
BRH:0
end_of_record
TN:
SF:src\modules\StorageDriver.ts
FN:26,(anonymous_0)
FN:34,(anonymous_1)
FN:41,(anonymous_2)
FN:52,(anonymous_3)
FN:60,(anonymous_4)
FN:75,(anonymous_5)
FN:80,(anonymous_6)
FN:93,(anonymous_7)
FN:106,(anonymous_8)
FN:124,(anonymous_9)
FN:147,(anonymous_10)
FN:165,(anonymous_11)
FN:189,(anonymous_12)
FN:195,(anonymous_13)
FN:206,(anonymous_14)
FN:217,(anonymous_15)
FN:228,(anonymous_16)
FN:239,(anonymous_17)
FNF:18
FNH:18
FNDA:4,(anonymous_0)
FNDA:221,(anonymous_1)
FNDA:118,(anonymous_2)
FNDA:51,(anonymous_3)
FNDA:52,(anonymous_4)
FNDA:115,(anonymous_5)
FNDA:18,(anonymous_6)
FNDA:8,(anonymous_7)
FNDA:8,(anonymous_8)
FNDA:8,(anonymous_9)
FNDA:22,(anonymous_10)
FNDA:13,(anonymous_11)
FNDA:15,(anonymous_12)
FNDA:6,(anonymous_13)
FNDA:6,(anonymous_14)
FNDA:6,(anonymous_15)
FNDA:18,(anonymous_16)
FNDA:11,(anonymous_17)
DA:2,4
DA:3,4
DA:4,4
DA:5,4
DA:9,4
DA:19,4
DA:27,4
DA:28,4
DA:29,4
DA:30,4
DA:35,221
DA:42,118
DA:48,118
DA:53,51
DA:54,51
DA:61,52
DA:63,52
DA:64,52
DA:69,0
DA:70,0
DA:76,115
DA:81,18
DA:82,18
DA:83,2
DA:84,2
DA:87,16
DA:88,16
DA:89,16
DA:94,8
DA:95,8
DA:96,2
DA:97,2
DA:100,6
DA:101,6
DA:102,6
DA:107,8
DA:108,8
DA:109,2
DA:110,2
DA:113,6
DA:114,6
DA:115,0
DA:116,0
DA:119,6
DA:120,6
DA:125,8
DA:126,8
DA:127,2
DA:128,2
DA:131,6
DA:132,6
DA:133,0
DA:134,0
DA:138,6
DA:139,2
DA:142,6
DA:143,6
DA:148,22
DA:149,22
DA:150,4
DA:151,4
DA:154,18
DA:155,18
DA:156,18
DA:157,18
DA:159,0
DA:160,0
DA:166,13
DA:167,13
DA:168,2
DA:171,11
DA:172,0
DA:175,11
DA:176,3
DA:179,8
DA:180,8
DA:181,3
DA:182,3
DA:185,5
DA:190,15
DA:191,15
DA:196,6
DA:197,0
DA:198,0
DA:201,6
DA:202,6
DA:207,6
DA:208,0
DA:209,0
DA:212,6
DA:213,6
DA:218,6
DA:219,0
DA:220,0
DA:223,6
DA:224,6
DA:229,18
DA:230,0
DA:231,0
DA:234,18
DA:235,18
DA:240,11
DA:241,0
DA:242,0
DA:245,11
DA:250,11
LF:106
LH:87
BRDA:35,0,0,154
BRDA:35,0,1,67
BRDA:54,1,0,23
BRDA:54,1,1,28
BRDA:64,2,0,24
BRDA:64,2,1,28
BRDA:82,3,0,2
BRDA:84,4,0,2
BRDA:84,4,1,2
BRDA:95,5,0,2
BRDA:97,6,0,2
BRDA:97,6,1,0
BRDA:108,7,0,2
BRDA:110,8,0,2
BRDA:110,8,1,0
BRDA:114,9,0,0
BRDA:126,10,0,2
BRDA:128,11,0,2
BRDA:128,11,1,2
BRDA:132,12,0,0
BRDA:132,13,0,6
BRDA:132,13,1,6
BRDA:132,13,2,6
BRDA:132,13,3,2
BRDA:138,14,0,2
BRDA:138,15,0,6
BRDA:138,15,1,4
BRDA:149,16,0,4
BRDA:151,17,0,4
BRDA:151,17,1,2
BRDA:167,18,0,2
BRDA:168,19,0,2
BRDA:168,19,1,2
BRDA:171,20,0,0
BRDA:171,21,0,11
BRDA:171,21,1,11
BRDA:175,22,0,3
BRDA:180,23,0,3
BRDA:182,24,0,3
BRDA:182,24,1,3
BRDA:196,25,0,0
BRDA:207,26,0,0
BRDA:218,27,0,0
BRDA:229,28,0,0
BRDA:229,29,0,18
BRDA:229,29,1,2
BRDA:239,30,0,3
BRDA:240,31,0,0
BRDA:247,32,0,3
BRDA:247,32,1,8
BRF:50
BRH:40
end_of_record
TN:
SF:src\modules\localStorage\index.ts
FN:6,(anonymous_0)
FN:11,(anonymous_1)
FN:16,(anonymous_2)
FN:21,(anonymous_3)
FNF:4
FNH:3
FNDA:51,(anonymous_0)
FNDA:39,(anonymous_1)
FNDA:3,(anonymous_2)
FNDA:0,(anonymous_3)
DA:4,4
DA:7,51
DA:12,39
DA:17,3
DA:22,0
LF:5
LH:4
BRF:0
BRH:0
end_of_record
TN:
SF:src\modules\sessionStorage\index.ts
FN:6,(anonymous_0)
FN:11,(anonymous_1)
FN:16,(anonymous_2)
FN:21,(anonymous_3)
FNF:4
FNH:2
FNDA:13,(anonymous_0)
FNDA:12,(anonymous_1)
FNDA:0,(anonymous_2)
FNDA:0,(anonymous_3)
DA:4,4
DA:7,13
DA:12,12
DA:17,0
DA:22,0
LF:5
LH:3
BRF:0
BRH:0
end_of_record
