TN:
SF:src\config.ts
FNF:0
FNH:0
DA:2,4
LF:1
LH:1
BRF:0
BRH:0
end_of_record
TN:
SF:src\index.ts
FN:18,(anonymous_0)
FN:23,(anonymous_1)
FN:29,(anonymous_2)
FN:35,(anonymous_3)
FN:41,(anonymous_4)
FN:60,(anonymous_5)
FNF:6
FNH:6
FNDA:4,(anonymous_0)
FNDA:26,(anonymous_1)
FNDA:18,(anonymous_2)
FNDA:45,(anonymous_3)
FNDA:22,(anonymous_4)
FNDA:1991,(anonymous_5)
DA:14,4
DA:15,4
DA:19,4
DA:24,26
DA:25,26
DA:30,18
DA:31,18
DA:36,45
DA:37,45
DA:42,22
DA:43,58
DA:44,0
DA:47,58
DA:48,0
DA:51,58
DA:54,22
DA:58,4
DA:59,4
DA:61,1991
DA:62,44
DA:63,44
DA:66,1947
DA:67,45
DA:68,45
DA:71,1902
DA:74,4
LF:26
LH:24
BRDA:43,0,0,0
BRDA:47,1,0,0
BRDA:47,2,0,58
BRDA:47,2,1,20
BRDA:61,3,0,44
BRDA:61,4,0,1991
BRDA:61,4,1,1973
BRDA:66,5,0,45
BRF:8
BRH:6
end_of_record
TN:
SF:src\modules\StorageDriver.ts
FN:26,(anonymous_0)
FN:34,(anonymous_1)
FN:41,(anonymous_2)
FN:52,(anonymous_3)
FN:60,(anonymous_4)
FN:73,(anonymous_5)
FN:78,(anonymous_6)
FN:91,(anonymous_7)
FN:104,(anonymous_8)
FN:122,(anonymous_9)
FN:145,(anonymous_10)
FN:163,(anonymous_11)
FN:187,(anonymous_12)
FN:193,(anonymous_13)
FN:204,(anonymous_14)
FN:215,(anonymous_15)
FN:226,(anonymous_16)
FN:237,(anonymous_17)
FNF:18
FNH:18
FNDA:4,(anonymous_0)
FNDA:221,(anonymous_1)
FNDA:118,(anonymous_2)
FNDA:51,(anonymous_3)
FNDA:52,(anonymous_4)
FNDA:115,(anonymous_5)
FNDA:18,(anonymous_6)
FNDA:8,(anonymous_7)
FNDA:8,(anonymous_8)
FNDA:8,(anonymous_9)
FNDA:22,(anonymous_10)
FNDA:13,(anonymous_11)
FNDA:15,(anonymous_12)
FNDA:6,(anonymous_13)
FNDA:6,(anonymous_14)
FNDA:6,(anonymous_15)
FNDA:18,(anonymous_16)
FNDA:11,(anonymous_17)
DA:2,4
DA:3,4
DA:4,4
DA:5,4
DA:9,4
DA:19,4
DA:27,4
DA:28,4
DA:29,4
DA:30,4
DA:35,221
DA:42,118
DA:48,118
DA:53,51
DA:54,51
DA:61,52
DA:63,52
DA:64,52
DA:68,0
DA:74,115
DA:79,18
DA:80,18
DA:81,2
DA:82,2
DA:85,16
DA:86,16
DA:87,16
DA:92,8
DA:93,8
DA:94,2
DA:95,2
DA:98,6
DA:99,6
DA:100,6
DA:105,8
DA:106,8
DA:107,2
DA:108,2
DA:111,6
DA:112,6
DA:113,0
DA:114,0
DA:117,6
DA:118,6
DA:123,8
DA:124,8
DA:125,2
DA:126,2
DA:129,6
DA:130,6
DA:131,0
DA:132,0
DA:136,6
DA:137,2
DA:140,6
DA:141,6
DA:146,22
DA:147,22
DA:148,4
DA:149,4
DA:152,18
DA:153,18
DA:154,18
DA:155,18
DA:157,0
DA:158,0
DA:164,13
DA:165,13
DA:166,2
DA:169,11
DA:170,0
DA:173,11
DA:174,3
DA:177,8
DA:178,8
DA:179,3
DA:180,3
DA:183,5
DA:188,15
DA:189,15
DA:194,6
DA:195,0
DA:196,0
DA:199,6
DA:200,6
DA:205,6
DA:206,0
DA:207,0
DA:210,6
DA:211,6
DA:216,6
DA:217,0
DA:218,0
DA:221,6
DA:222,6
DA:227,18
DA:228,0
DA:229,0
DA:232,18
DA:233,18
DA:238,11
DA:239,0
DA:240,0
DA:243,11
DA:248,11
LF:105
LH:87
BRDA:35,0,0,154
BRDA:35,0,1,67
BRDA:54,1,0,23
BRDA:54,1,1,28
BRDA:64,2,0,24
BRDA:64,2,1,28
BRDA:80,3,0,2
BRDA:91,4,0,6
BRDA:93,5,0,2
BRDA:104,6,0,6
BRDA:106,7,0,2
BRDA:112,8,0,0
BRDA:122,9,0,6
BRDA:124,10,0,2
BRDA:130,11,0,0
BRDA:130,12,0,6
BRDA:130,12,1,6
BRDA:130,12,2,6
BRDA:130,12,3,2
BRDA:136,13,0,2
BRDA:136,14,0,6
BRDA:136,14,1,4
BRDA:145,15,0,7
BRDA:147,16,0,4
BRDA:163,17,0,13
BRDA:165,18,0,2
BRDA:169,19,0,0
BRDA:169,20,0,11
BRDA:169,20,1,11
BRDA:173,21,0,3
BRDA:178,22,0,3
BRDA:194,23,0,0
BRDA:205,24,0,0
BRDA:216,25,0,0
BRDA:227,26,0,0
BRDA:227,27,0,18
BRDA:227,27,1,2
BRDA:237,28,0,3
BRDA:238,29,0,0
BRDA:245,30,0,3
BRDA:245,30,1,8
BRF:41
BRH:33
end_of_record
TN:
SF:src\modules\localStorage\index.ts
FN:6,(anonymous_0)
FN:11,(anonymous_1)
FN:16,(anonymous_2)
FN:21,(anonymous_3)
FNF:4
FNH:3
FNDA:51,(anonymous_0)
FNDA:39,(anonymous_1)
FNDA:3,(anonymous_2)
FNDA:0,(anonymous_3)
DA:4,4
DA:7,51
DA:12,39
DA:17,3
DA:22,0
LF:5
LH:4
BRF:0
BRH:0
end_of_record
TN:
SF:src\modules\sessionStorage\index.ts
FN:6,(anonymous_0)
FN:11,(anonymous_1)
FN:16,(anonymous_2)
FN:21,(anonymous_3)
FNF:4
FNH:2
FNDA:13,(anonymous_0)
FNDA:12,(anonymous_1)
FNDA:0,(anonymous_2)
FNDA:0,(anonymous_3)
DA:4,4
DA:7,13
DA:12,12
DA:17,0
DA:22,0
LF:5
LH:3
BRF:0
BRH:0
end_of_record
